Info: CustomCategory:Categoria Customizada: 10 mini seconds publishing element
Info: DeliveryProcess:Processo_de_implantacao: 202 mini seconds publishing element
Info: DeliveryProcess:Processo_de_implantacao: 1289 mini seconds publishing process specific layout data
Info: Phase:Iniciação: 202 mini seconds publishing element
Info: TaskDescriptor:01-Acordar_Demanda: 7 mini seconds publishing element
Info: TaskDescriptor:02-Definir_Cronograma: 10 mini seconds publishing element
Info: TaskDescriptor:03-Aprovar_Cronograma: 7 mini seconds publishing element
Info: Phase:execucao: 462 mini seconds publishing element
Info: TaskDescriptor:04-Elaborar_Plano_de_Migracao: 7 mini seconds publishing element
Info: TaskDescriptor:05-Migrar_Dados: 9 mini seconds publishing element
Info: TaskDescriptor:06-Validar_Dados_Migrados: 8 mini seconds publishing element
Info: TaskDescriptor:10-Testar_Sistema: 8 mini seconds publishing element
Info: Phase:homologacao: 559 mini seconds publishing element
Info: TaskDescriptor:07-Homologar_Migracao_de_Dados_Cliente: 6 mini seconds publishing element
Info: TaskDescriptor:10-Testar_Sistema: 7 mini seconds publishing element
Info: TaskDescriptor:11-Solicitar_Suporte: 5 mini seconds publishing element
Info: TaskDescriptor:12-Solicitar_Customização: 5 mini seconds publishing element
Info: TaskDescriptor:14-Treinar_Usuarios: 5 mini seconds publishing element
Info: TaskDescriptor:13-Elaborar_Treinamentos: 4 mini seconds publishing element
Info: TaskDescriptor:08-Realizar_Homologacao_Final: 4 mini seconds publishing element
Info: Phase:finalizacao: 148 mini seconds publishing element
Info: TaskDescriptor:09-Disponibilizar_Sistema_em_Ambiente_de_Producao: 3 mini seconds publishing element
Info: TaskDescriptor:15-Finalizar_Projeto: 2 mini seconds publishing element
Info: RoleDescriptor:Analista_de_Banco_de_Dados: 3 mini seconds publishing element
Info: RoleDescriptor:Analista_de_Infraestrutura_de_Sistema: 3 mini seconds publishing element
Info: RoleDescriptor:Analista_de_Negocios: 4 mini seconds publishing element
Info: RoleDescriptor:Analista_de_Sistemas: 3 mini seconds publishing element
Info: RoleDescriptor:Analista_de_Suporte: 3 mini seconds publishing element
Info: RoleDescriptor:Analista_de_Testes: 3 mini seconds publishing element
Info: RoleDescriptor:Gerente_de_Projeto: 5 mini seconds publishing element
Info: RoleDescriptor:Usuarios_PROPEPG: 5 mini seconds publishing element
Info: WorkProductDescriptor:Analise_de_Demandas_Suporte_Customizacao: 5 mini seconds publishing element
Info: WorkProductDescriptor:Base_Dados_Sistema_Legado_(SGP): 3 mini seconds publishing element
Info: WorkProductDescriptor:Base_Dados_Atualizada_Novo_Sistema_(SIGAA): 4 mini seconds publishing element
Info: WorkProductDescriptor:Base_de_Conhecimento: 3 mini seconds publishing element
Info: WorkProductDescriptor:Chamado_Solicitacao_de_Customizacao: 2 mini seconds publishing element
Info: WorkProductDescriptor:Chamado_Solicitacao_de_Suporte: 2 mini seconds publishing element
Info: WorkProductDescriptor:Cronograma_de_implantacao: 3 mini seconds publishing element
Info: WorkProductDescriptor:Documentacao_de_Implantacao: 4 mini seconds publishing element
Info: WorkProductDescriptor:Documentacao_do_Usuario: 3 mini seconds publishing element
Info: WorkProductDescriptor:logs_de_erro_de_migracao: 3 mini seconds publishing element
Info: WorkProductDescriptor:Mapeamento_de_Dados: 2 mini seconds publishing element
Info: WorkProductDescriptor:Relatorio_de_Execucao_do_Treinamento: 2 mini seconds publishing element
Info: WorkProductDescriptor:Relatorio_de_Execucao_dos_Testes: 2 mini seconds publishing element
Info: WorkProductDescriptor:Relatorio_de_Homologação_da_Migração_de_Dados: 2 mini seconds publishing element
Info: WorkProductDescriptor:Relatorio_de_Homologacao_Final: 2 mini seconds publishing element
Info: WorkProductDescriptor:Relatorio_de_Migracao_(analista_sistemas): 2 mini seconds publishing element
Info: WorkProductDescriptor:Relatorio_de_Plano_de_Migracao_de_Dados: 3 mini seconds publishing element
Info: WorkProductDescriptor:Relatorio_de_Plano_de_Testes: 2 mini seconds publishing element
Info: WorkProductDescriptor:Relatorio_de_Roteiro_de_Treinamento: 6 mini seconds publishing element
Info: WorkProductDescriptor:Relatorio_de_Validacao_da_Migracao: 2 mini seconds publishing element
Info: WorkProductDescriptor:Sistema_Disponivel_Ambientes_de_Desenvolvimento_Testes_e_Homologacao: 3 mini seconds publishing element
Info: WorkProductDescriptor:Sistema_Disponivel_em_Ambiente_de_Producao: 2 mini seconds publishing element
Info: WorkProductDescriptor:Termo_de_Abertura_do_Projeto: 3 mini seconds publishing element
Info: WorkProductDescriptor:Termo_de_Encerramento_de_Projeto: 3 mini seconds publishing element
Info: Role:Gerente_de_Projeto: 31 mini seconds publishing element
Info: Task:01-Acordar_Demanda: 11 mini seconds publishing element
Info: Task:02-Definir_Cronograma: 12 mini seconds publishing element
Info: Role:Usuarios_PROPEPG: 58 mini seconds publishing element
Info: Task:03-Aprovar_Cronograma: 10 mini seconds publishing element
Info: Role:Analista_de_Negocios: 25 mini seconds publishing element
Info: Artifact:Termo_de_Abertura_do_Projeto: 8 mini seconds publishing element
Info: Artifact:Cronograma_de_implantacao: 7 mini seconds publishing element
Info: RoleDescriptor:Analista_de_Banco_de_Dados: 5 mini seconds publishing element
Info: RoleDescriptor:Analista_de_Negocios: 3 mini seconds publishing element
Info: RoleDescriptor:Analista_de_Sistemas: 4 mini seconds publishing element
Info: RoleDescriptor:Analista_de_Testes: 5 mini seconds publishing element
Info: RoleDescriptor:Usuarios_PROPEPG: 4 mini seconds publishing element
Info: WorkProductDescriptor:Cronograma_de_implantacao: 2 mini seconds publishing element
Info: WorkProductDescriptor:Mapeamento_de_Dados: 2 mini seconds publishing element
Info: WorkProductDescriptor:Relatorio_de_Execucao_dos_Testes: 4 mini seconds publishing element
Info: WorkProductDescriptor:Relatorio_de_Migracao_(analista_sistemas): 2 mini seconds publishing element
Info: WorkProductDescriptor:Relatorio_de_Plano_de_Testes: 6 mini seconds publishing element
Info: WorkProductDescriptor:Relatorio_de_Validacao_da_Migracao: 3 mini seconds publishing element
Info: Role:Analista_de_Sistemas: 31 mini seconds publishing element
Info: Task:04-Elaborar_Plano_de_Migracao: 11 mini seconds publishing element
Info: Task:05-Migrar_Dados: 12 mini seconds publishing element
Info: Role:Analista_de_Banco_de_Dados: 20 mini seconds publishing element
Info: Role:Analista_de_Testes: 33 mini seconds publishing element
Info: Task:06-Validar_Dados_Migrados: 11 mini seconds publishing element
Info: Task:10-Testar_Sistema: 13 mini seconds publishing element
Info: Artifact:Base_Dados_Atualizada_Novo_Sistema_(SIGAA): 10 mini seconds publishing element
Info: Artifact:Base_Dados_Sistema_Legado_(SGP): 7 mini seconds publishing element
Info: Artifact:Relatorio_de_Plano_de_Migracao_de_Dados: 7 mini seconds publishing element
Info: Artifact:Documentacao_de_Implantacao: 9 mini seconds publishing element
Info: Artifact:logs_de_erro_de_migracao: 6 mini seconds publishing element
Info: Artifact:Relatorio_de_Validacao_da_Migracao: 8 mini seconds publishing element
Info: Artifact:Relatorio_de_Plano_de_Testes: 9 mini seconds publishing element
Info: Artifact:Relatorio_de_Execucao_dos_Testes: 11 mini seconds publishing element
Info: Artifact:Documentacao_do_Usuario: 8 mini seconds publishing element
Info: Artifact:Base_de_Conhecimento: 7 mini seconds publishing element
Info: RoleDescriptor:Analista_de_Negocios: 3 mini seconds publishing element
Info: RoleDescriptor:Analista_de_Sistemas: 3 mini seconds publishing element
Info: RoleDescriptor:Analista_de_Suporte: 3 mini seconds publishing element
Info: RoleDescriptor:Analista_de_Testes: 4 mini seconds publishing element
Info: RoleDescriptor:Usuarios_PROPEPG: 7 mini seconds publishing element
Info: WorkProductDescriptor:Analise_de_Demandas_Suporte_Customizacao: 2 mini seconds publishing element
Info: WorkProductDescriptor:Base_Dados_Atualizada_Novo_Sistema_(SIGAA): 3 mini seconds publishing element
Info: WorkProductDescriptor:Base_de_Conhecimento: 4 mini seconds publishing element
Info: WorkProductDescriptor:Documentacao_de_Implantacao: 3 mini seconds publishing element
Info: WorkProductDescriptor:Documentacao_do_Usuario: 3 mini seconds publishing element
Info: WorkProductDescriptor:Relatorio_de_Execucao_do_Treinamento: 2 mini seconds publishing element
Info: WorkProductDescriptor:Relatorio_de_Execucao_dos_Testes: 2 mini seconds publishing element
Info: WorkProductDescriptor:Relatorio_de_Homologação_da_Migração_de_Dados: 2 mini seconds publishing element
Info: WorkProductDescriptor:Relatorio_de_Migracao_(analista_sistemas): 2 mini seconds publishing element
Info: WorkProductDescriptor:Relatorio_de_Plano_de_Migracao_de_Dados: 3 mini seconds publishing element
Info: WorkProductDescriptor:Relatorio_de_Plano_de_Testes: 1 mini seconds publishing element
Info: WorkProductDescriptor:Relatorio_de_Validacao_da_Migracao: 3 mini seconds publishing element
Info: Task:07-Homologar_Migracao_de_Dados_Cliente: 9 mini seconds publishing element
Info: Task:11-Solicitar_Suporte: 9 mini seconds publishing element
Info: Task:14-Treinar_Usuarios: 13 mini seconds publishing element
Info: Task:13-Elaborar_Treinamentos: 9 mini seconds publishing element
Info: Task:08-Realizar_Homologacao_Final: 12 mini seconds publishing element
Info: Artifact:Sistema_Disponivel_Ambientes_de_Desenvolvimento_Testes_e_Homologacao: 7 mini seconds publishing element
Info: Artifact:Chamado_Solicitacao_de_Suporte: 5 mini seconds publishing element
Info: Artifact:Chamado_Solicitacao_de_Customizacao: 6 mini seconds publishing element
Info: Artifact:Relatorio_de_Roteiro_de_Treinamento: 6 mini seconds publishing element
Info: Artifact:Relatorio_de_Execucao_do_Treinamento: 6 mini seconds publishing element
Info: Artifact:Relatorio_de_Homologacao_Final: 8 mini seconds publishing element
Info: Task:12-Solicitar_Customização: 7 mini seconds publishing element
Info: RoleDescriptor:Analista_de_Sistemas: 2 mini seconds publishing element
Info: RoleDescriptor:Gerente_de_Projeto: 2 mini seconds publishing element
Info: RoleDescriptor:Usuarios_PROPEPG: 2 mini seconds publishing element
Info: WorkProductDescriptor:Base_Dados_Atualizada_Novo_Sistema_(SIGAA): 2 mini seconds publishing element
Info: WorkProductDescriptor:Relatorio_de_Homologacao_Final: 3 mini seconds publishing element
Info: Role:Analista_de_Infraestrutura_de_Sistema: 30 mini seconds publishing element
Info: Task:09-Disponibilizar_Sistema_em_Ambiente_de_Producao: 6 mini seconds publishing element
Info: Task:15-Finalizar_Projeto: 6 mini seconds publishing element
Info: Artifact:Sistema_Disponivel_em_Ambiente_de_Producao: 6 mini seconds publishing element
Info: Artifact:Termo_de_Encerramento_de_Projeto: 9 mini seconds publishing element
Info: Role:Analista_de_Suporte: 18 mini seconds publishing element
Info: Artifact:Analise_de_Demandas_Suporte_Customizacao: 8 mini seconds publishing element
Info: Artifact:Mapeamento_de_Dados: 6 mini seconds publishing element
Info: Artifact:Relatorio_de_Homologação_da_Migração_de_Dados: 7 mini seconds publishing element
Info: Artifact:Relatorio_de_Migracao_(analista_sistemas): 7 mini seconds publishing element
Info: Guideline:base_de_conhecimento: 9 mini seconds publishing element
Info: Guideline:guia_documentao_usuario: 8 mini seconds publishing element
Info: : Publishing time: 0 minutes 4 seconds
