Warning: Phase:Iniciação: missing resource file './../../Implantacao_SIGAA_StrictoSensu/deliveryprocesses/resources/Inicia&ccedil;&atilde;o_F495C332_ActivityDetail.jpeg'
Warning: Phase:Iniciação: missing resource file './../../Implantacao_SIGAA_StrictoSensu/deliveryprocesses/Processo de implanta&ccedil;&atilde;o_3696C1C2.html'
Warning: Phase:Iniciação: missing resource file './../../Implantacao_SIGAA_StrictoSensu/deliveryprocesses/resources/Inicia&ccedil;&atilde;o_F495C332_ActivityDetail.jpeg'
Warning: Phase:execucao: missing resource file './../../Implantacao_SIGAA_StrictoSensu/tasks/12-Solicitar Customiza&ccedil;&atilde;o_1FDA8ACD.html'
Warning: Phase:execucao: missing resource file './../../Implantacao_SIGAA_StrictoSensu/workproducts/Relat&oacute;rio de Plano de Migra&ccedil;&atilde;o de Dados_DB808722.html'
Warning: Phase:execucao: missing resource file './../../Implantacao_SIGAA_StrictoSensu/workproducts/Relat&oacute;rio de Migra&ccedil;&atilde;o etapa_3E932C66.html'
Warning: Phase:execucao: missing resource file './../../Implantacao_SIGAA_StrictoSensu/workproducts/Relat&oacute;rio de Testes_8708E4A.html'
Warning: Phase:execucao: missing resource file './../../Implantacao_SIGAA_StrictoSensu/workproducts/Relatorio de Migra&ccedil;&atilde;o Homologada_15767F2A.html'
Warning: Phase:execucao: missing resource file './../../Implantacao_SIGAA_StrictoSensu/workproducts/Chamado - Solicita&ccedil;&atilde;o de Suporte_AFABC2F5.html'
Warning: Phase:execucao: missing resource file './../../Implantacao_SIGAA_StrictoSensu/workproducts/Chamado - Solicita&ccedil;&atilde;o de Customiza&ccedil;&atilde;o_A3CC81B5.html'
Warning: Phase:execucao: missing resource file './../../Implantacao_SIGAA_StrictoSensu/deliveryprocesses/Processo de implanta&ccedil;&atilde;o_3696C1C2.html'
Warning: Phase:execucao: missing resource file './../../Implantacao_SIGAA_StrictoSensu/tasks/12-Solicitar Customiza&ccedil;&atilde;o_1FDA8ACD.html'
Warning: Phase:execucao: missing resource file './../../Implantacao_SIGAA_StrictoSensu/workproducts/Relat&oacute;rio de Plano de Migra&ccedil;&atilde;o de Dados_DB808722.html'
Warning: Phase:execucao: missing resource file './../../Implantacao_SIGAA_StrictoSensu/workproducts/Relat&oacute;rio de Migra&ccedil;&atilde;o etapa_3E932C66.html'
Warning: Phase:execucao: missing resource file './../../Implantacao_SIGAA_StrictoSensu/workproducts/Relat&oacute;rio de Testes_8708E4A.html'
Warning: Phase:execucao: missing resource file './../../Implantacao_SIGAA_StrictoSensu/workproducts/Relatorio de Migra&ccedil;&atilde;o Homologada_15767F2A.html'
Warning: Phase:execucao: missing resource file './../../Implantacao_SIGAA_StrictoSensu/workproducts/Chamado - Solicita&ccedil;&atilde;o de Suporte_AFABC2F5.html'
Warning: Phase:execucao: missing resource file './../../Implantacao_SIGAA_StrictoSensu/workproducts/Chamado - Solicita&ccedil;&atilde;o de Customiza&ccedil;&atilde;o_A3CC81B5.html'
Warning: Phase:homologacao: missing resource file './../../Implantacao_SIGAA_StrictoSensu/tasks/14-Treinar Usu&aacute;rios_39BD0069.html'
Warning: Phase:homologacao: missing resource file './../../Implantacao_SIGAA_StrictoSensu/workproducts/Relat&oacute;rio de Homologa&ccedil;&atilde;o Final_1F25B575.html'
Warning: Phase:homologacao: missing resource file './../../Implantacao_SIGAA_StrictoSensu/workproducts/Relat&oacute;rio de Roteiro de Treinamento_6EDF028E.html'
Warning: Phase:homologacao: missing resource file './../../Implantacao_SIGAA_StrictoSensu/workproducts/Relatorio de Execu&ccedil;&atilde;o do Treinamento_8FFA05B7.html'
Warning: Phase:homologacao: missing resource file './../../Implantacao_SIGAA_StrictoSensu/deliveryprocesses/Processo de implanta&ccedil;&atilde;o_3696C1C2.html'
Warning: Phase:homologacao: missing resource file './../../Implantacao_SIGAA_StrictoSensu/tasks/14-Treinar Usu&aacute;rios_39BD0069.html'
Warning: Phase:homologacao: missing resource file './../../Implantacao_SIGAA_StrictoSensu/workproducts/Relat&oacute;rio de Homologa&ccedil;&atilde;o Final_1F25B575.html'
Warning: Phase:homologacao: missing resource file './../../Implantacao_SIGAA_StrictoSensu/workproducts/Relat&oacute;rio de Roteiro de Treinamento_6EDF028E.html'
Warning: Phase:homologacao: missing resource file './../../Implantacao_SIGAA_StrictoSensu/workproducts/Relatorio de Execu&ccedil;&atilde;o do Treinamento_8FFA05B7.html'
Warning: Phase:finalizacao: missing resource file './../../Implantacao_SIGAA_StrictoSensu/workproducts/Sistema em Produ&ccedil;&atilde;o_7030B76A.html'
Warning: Phase:finalizacao: missing resource file './../../Implantacao_SIGAA_StrictoSensu/deliveryprocesses/Processo de implanta&ccedil;&atilde;o_3696C1C2.html'
Warning: Phase:finalizacao: missing resource file './../../Implantacao_SIGAA_StrictoSensu/workproducts/Sistema em Produ&ccedil;&atilde;o_7030B76A.html'
Warning: Role:Gerente_de_Projeto: missing resource file './../../Implantacao_SIGAA_StrictoSensu/deliveryprocesses/Processo de implanta&ccedil;&atilde;o_3696C1C2.html'
Warning: Role:Gerente_de_Projeto: missing resource file './../../Implantacao_SIGAA_StrictoSensu/deliveryprocesses/Inicia&ccedil;&atilde;o_F495C332.html'
Warning: Task:01-acordar_demanda: missing resource file './../../Implantacao_SIGAA_StrictoSensu/deliveryprocesses/Processo de implanta&ccedil;&atilde;o_3696C1C2.html'
Warning: Task:01-acordar_demanda: missing resource file './../../Implantacao_SIGAA_StrictoSensu/deliveryprocesses/Inicia&ccedil;&atilde;o_F495C332.html'
Warning: Role:Usuarios_PROPEPG: missing resource file './../../Implantacao_SIGAA_StrictoSensu/tasks/12-Solicitar Customiza&ccedil;&atilde;o_1FDA8ACD.html'
Warning: Role:Usuarios_PROPEPG: missing resource file './../../Implantacao_SIGAA_StrictoSensu/tasks/14-Treinar Usu&aacute;rios_39BD0069.html'
Warning: Role:Usuarios_PROPEPG: missing resource file './../../Implantacao_SIGAA_StrictoSensu/deliveryprocesses/Processo de implanta&ccedil;&atilde;o_3696C1C2.html'
Warning: Role:Usuarios_PROPEPG: missing resource file './../../Implantacao_SIGAA_StrictoSensu/deliveryprocesses/Inicia&ccedil;&atilde;o_F495C332.html'
Warning: Task:03-aprovar_cronograma: missing resource file './../../Implantacao_SIGAA_StrictoSensu/deliveryprocesses/Processo de implanta&ccedil;&atilde;o_3696C1C2.html'
Warning: Task:03-aprovar_cronograma: missing resource file './../../Implantacao_SIGAA_StrictoSensu/deliveryprocesses/Inicia&ccedil;&atilde;o_F495C332.html'
Warning: Artifact:Termo de Abertura do Projeto: missing resource file './../../Implantacao_SIGAA_StrictoSensu/deliveryprocesses/Processo de implanta&ccedil;&atilde;o_3696C1C2.html'
Warning: Artifact:Termo de Abertura do Projeto: missing resource file './../../Implantacao_SIGAA_StrictoSensu/deliveryprocesses/Inicia&ccedil;&atilde;o_F495C332.html'
Warning: Artifact:Cronograma_de_implantacao: missing resource file './../../Implantacao_SIGAA_StrictoSensu/deliveryprocesses/Processo de implanta&ccedil;&atilde;o_3696C1C2.html'
Warning: Artifact:Cronograma_de_implantacao: missing resource file './../../Implantacao_SIGAA_StrictoSensu/deliveryprocesses/Inicia&ccedil;&atilde;o_F495C332.html'
Warning: Role:Analista_de_Sistemas: missing resource file './../../Implantacao_SIGAA_StrictoSensu/deliveryprocesses/Processo de implanta&ccedil;&atilde;o_3696C1C2.html'
Warning: Task:04-elaborar_plano_de_migracao: missing resource file './../../Implantacao_SIGAA_StrictoSensu/deliveryprocesses/Processo de implanta&ccedil;&atilde;o_3696C1C2.html'
Warning: Task:05-Migrar Dados: missing resource file './../../Implantacao_SIGAA_StrictoSensu/deliveryprocesses/Processo de implanta&ccedil;&atilde;o_3696C1C2.html'
Warning: Role:Analista_de_Banco_de_Dados: missing resource file './../../Implantacao_SIGAA_StrictoSensu/deliveryprocesses/Processo de implanta&ccedil;&atilde;o_3696C1C2.html'
Warning: Task:10-Testar Sistema: missing resource file './../../Implantacao_SIGAA_StrictoSensu/deliveryprocesses/Processo de implanta&ccedil;&atilde;o_3696C1C2.html'
Warning: Task:07-homologar_migracao_etapa: missing resource file './../../Implantacao_SIGAA_StrictoSensu/deliveryprocesses/Processo de implanta&ccedil;&atilde;o_3696C1C2.html'
Warning: Task:11-Solicitar_suporte: missing resource file './../../Implantacao_SIGAA_StrictoSensu/deliveryprocesses/Processo de implanta&ccedil;&atilde;o_3696C1C2.html'
Warning: Role:Analista_de_Negocios: missing resource file './../../Implantacao_SIGAA_StrictoSensu/tasks/14-Treinar Usu&aacute;rios_39BD0069.html'
Warning: Role:Analista_de_Negocios: missing resource file './../../Implantacao_SIGAA_StrictoSensu/tasks/12-Solicitar Customiza&ccedil;&atilde;o_1FDA8ACD.html'
Warning: Role:Analista_de_Negocios: missing resource file './../../Implantacao_SIGAA_StrictoSensu/deliveryprocesses/Processo de implanta&ccedil;&atilde;o_3696C1C2.html'
Warning: Role:Analista_de_Negocios: missing resource file './../../Implantacao_SIGAA_StrictoSensu/deliveryprocesses/Inicia&ccedil;&atilde;o_F495C332.html'
Warning: Artifact:mapeamento_de_dados: missing resource file './../../Implantacao_SIGAA_StrictoSensu/deliveryprocesses/Processo de implanta&ccedil;&atilde;o_3696C1C2.html'
Warning: Artifact:Base Dados - Sistema Legado (SGP): missing resource file './../../Implantacao_SIGAA_StrictoSensu/deliveryprocesses/Processo de implanta&ccedil;&atilde;o_3696C1C2.html'
Warning: Artifact:Base Dados Atualizada - Novo Sistema (SIGAA): missing resource file './../../Implantacao_SIGAA_StrictoSensu/deliveryprocesses/Processo de implanta&ccedil;&atilde;o_3696C1C2.html'
Warning: Artifact:logs_de_erro_de_migracao: missing resource file './../../Implantacao_SIGAA_StrictoSensu/deliveryprocesses/Processo de implanta&ccedil;&atilde;o_3696C1C2.html'
Warning: Task:12-Solicitar Customização: missing resource file './../../Implantacao_SIGAA_StrictoSensu/deliveryprocesses/Processo de implanta&ccedil;&atilde;o_3696C1C2.html'
Warning: Task:12-Solicitar Customização: missing resource file './../../Implantacao_SIGAA_StrictoSensu/tasks/12-Solicitar Customiza&ccedil;&atilde;o_1FDA8ACD.html'
Warning: Task:08-realizar_homologao_final: missing resource file './../../Implantacao_SIGAA_StrictoSensu/deliveryprocesses/Processo de implanta&ccedil;&atilde;o_3696C1C2.html'
Warning: Task:13-Elaborar_Treinamentos: missing resource file './../../Implantacao_SIGAA_StrictoSensu/deliveryprocesses/Processo de implanta&ccedil;&atilde;o_3696C1C2.html'
Warning: Task:14-Treinar Usuários: missing resource file './../../Implantacao_SIGAA_StrictoSensu/deliveryprocesses/Processo de implanta&ccedil;&atilde;o_3696C1C2.html'
Warning: Task:14-Treinar Usuários: missing resource file './../../Implantacao_SIGAA_StrictoSensu/tasks/14-Treinar Usu&aacute;rios_39BD0069.html'
Warning: Role:Analista_de_Infraestrutura_de_Sistema: missing resource file './../../Implantacao_SIGAA_StrictoSensu/deliveryprocesses/Processo de implanta&ccedil;&atilde;o_3696C1C2.html'
Warning: Task:09-disponibilizar_sistema_em_ambiente_de_produo: missing resource file './../../Implantacao_SIGAA_StrictoSensu/deliveryprocesses/Processo de implanta&ccedil;&atilde;o_3696C1C2.html'
Warning: Role:Analista_de_Suporte: missing resource file './../../Implantacao_SIGAA_StrictoSensu/deliveryprocesses/Processo de implanta&ccedil;&atilde;o_3696C1C2.html'
Warning: Artifact:Chamado - Solicitação de Customização: missing resource file './../../Implantacao_SIGAA_StrictoSensu/tasks/12-Solicitar Customiza&ccedil;&atilde;o_1FDA8ACD.html'
Warning: Artifact:Chamado - Solicitação de Customização: missing resource file './../../Implantacao_SIGAA_StrictoSensu/deliveryprocesses/Processo de implanta&ccedil;&atilde;o_3696C1C2.html'
Warning: Artifact:Chamado - Solicitação de Customização: missing resource file './../../Implantacao_SIGAA_StrictoSensu/workproducts/Chamado - Solicita&ccedil;&atilde;o de Customiza&ccedil;&atilde;o_A3CC81B5.html'
Warning: Artifact:Chamado - Solicitação de Suporte: missing resource file './../../Implantacao_SIGAA_StrictoSensu/deliveryprocesses/Processo de implanta&ccedil;&atilde;o_3696C1C2.html'
Warning: Artifact:Chamado - Solicitação de Suporte: missing resource file './../../Implantacao_SIGAA_StrictoSensu/workproducts/Chamado - Solicita&ccedil;&atilde;o de Suporte_AFABC2F5.html'
Warning: Artifact:Documentação de Implantação: missing resource file './../../Implantacao_SIGAA_StrictoSensu/deliveryprocesses/Processo de implanta&ccedil;&atilde;o_3696C1C2.html'
Warning: Artifact:Documentação de Implantação: missing resource file './../../Implantacao_SIGAA_StrictoSensu/deliveryprocesses/Inicia&ccedil;&atilde;o_F495C332.html'
Warning: Artifact:Documentação de Implantação: missing resource file './../../Implantacao_SIGAA_StrictoSensu/workproducts/Documenta&ccedil;&atilde;o de Implanta&ccedil;&atilde;o_4B7CAA0D.html'
Warning: Artifact:Relatorio de Execução do Treinamento: missing resource file './../../Implantacao_SIGAA_StrictoSensu/tasks/14-Treinar Usu&aacute;rios_39BD0069.html'
Warning: Artifact:Relatorio de Execução do Treinamento: missing resource file './../../Implantacao_SIGAA_StrictoSensu/deliveryprocesses/Processo de implanta&ccedil;&atilde;o_3696C1C2.html'
Warning: Artifact:Relatorio de Execução do Treinamento: missing resource file './../../Implantacao_SIGAA_StrictoSensu/workproducts/Relatorio de Execu&ccedil;&atilde;o do Treinamento_8FFA05B7.html'
Warning: Artifact:Relatório de Homologação Final: missing resource file './../../Implantacao_SIGAA_StrictoSensu/deliveryprocesses/Processo de implanta&ccedil;&atilde;o_3696C1C2.html'
Warning: Artifact:Relatório de Homologação Final: missing resource file './../../Implantacao_SIGAA_StrictoSensu/workproducts/Relat&oacute;rio de Homologa&ccedil;&atilde;o Final_1F25B575.html'
Warning: Artifact:Relatório de Migração (etapa): missing resource file './../../Implantacao_SIGAA_StrictoSensu/deliveryprocesses/Processo de implanta&ccedil;&atilde;o_3696C1C2.html'
Warning: Artifact:Relatório de Migração (etapa): missing resource file './../../Implantacao_SIGAA_StrictoSensu/workproducts/Relat&oacute;rio de Migra&ccedil;&atilde;o etapa_3E932C66.html'
Warning: Artifact:Relatorio de Migração Homologada: missing resource file './../../Implantacao_SIGAA_StrictoSensu/deliveryprocesses/Processo de implanta&ccedil;&atilde;o_3696C1C2.html'
Warning: Artifact:Relatorio de Migração Homologada: missing resource file './../../Implantacao_SIGAA_StrictoSensu/workproducts/Relatorio de Migra&ccedil;&atilde;o Homologada_15767F2A.html'
Warning: Artifact:Relatório de Plano de Migração de Dados: missing resource file './../../Implantacao_SIGAA_StrictoSensu/deliveryprocesses/Processo de implanta&ccedil;&atilde;o_3696C1C2.html'
Warning: Artifact:Relatório de Plano de Migração de Dados: missing resource file './../../Implantacao_SIGAA_StrictoSensu/workproducts/Relat&oacute;rio de Plano de Migra&ccedil;&atilde;o de Dados_DB808722.html'
Warning: Artifact:Relatório de Roteiro de Treinamento: missing resource file './../../Implantacao_SIGAA_StrictoSensu/deliveryprocesses/Processo de implanta&ccedil;&atilde;o_3696C1C2.html'
Warning: Artifact:Relatório de Roteiro de Treinamento: missing resource file './../../Implantacao_SIGAA_StrictoSensu/workproducts/Relat&oacute;rio de Roteiro de Treinamento_6EDF028E.html'
Warning: Artifact:Relatório de Testes: missing resource file './../../Implantacao_SIGAA_StrictoSensu/deliveryprocesses/Processo de implanta&ccedil;&atilde;o_3696C1C2.html'
Warning: Artifact:Relatório de Testes: missing resource file './../../Implantacao_SIGAA_StrictoSensu/workproducts/Relat&oacute;rio de Testes_8708E4A.html'
Warning: Artifact:Sistema em Produção: missing resource file './../../Implantacao_SIGAA_StrictoSensu/deliveryprocesses/Processo de implanta&ccedil;&atilde;o_3696C1C2.html'
Warning: Artifact:Sistema em Produção: missing resource file './../../Implantacao_SIGAA_StrictoSensu/workproducts/Sistema em Produ&ccedil;&atilde;o_7030B76A.html'
